2025-08-29T09:22:17.527+05:30  INFO 22532 --- [QUESTION-SERVICE] [restartedMain] c.w.r.q.QuestionsServiceApplication      : Starting QuestionsServiceApplication using Java 21.0.7 with PID 22532 (C:\Users\asus\Desktop\Quiz-Microservices-Industrial-main\Quiz-Microservices-Industrial-main\Questions-Service\target\classes started by asus in C:\Users\asus\Desktop\Quiz-Microservices-Industrial-main\Quiz-Microservices-Industrial-main\Questions-Service)
2025-08-29T09:22:17.532+05:30  INFO 22532 --- [QUESTION-SERVICE] [restartedMain] c.w.r.q.QuestionsServiceApplication      : No active profile set, falling back to 1 default profile: "default"
2025-08-29T09:22:17.581+05:30  INFO 22532 --- [QUESTION-SERVICE] [restartedMain] o.s.c.c.c.ConfigServerConfigDataLoader   : Fetching config from server at : http://localhost:9092
2025-08-29T09:22:17.581+05:30  INFO 22532 --- [QUESTION-SERVICE] [restartedMain] o.s.c.c.c.ConfigServerConfigDataLoader   : Located environment: name=QUESTION-SERVICE, profiles=[default], label=null, version=14dadc3e11ddbe0225635e5e5bfece5c2269a127, state=
2025-08-29T09:22:17.584+05:30  INFO 22532 --- [QUESTION-SERVICE] [restartedMain] .e.DevToolsPropertyDefaultsPostProcessor : Devtools property defaults active! Set 'spring.devtools.add-properties' to 'false' to disable
2025-08-29T09:22:17.584+05:30  INFO 22532 --- [QUESTION-SERVICE] [restartedMain] .e.DevToolsPropertyDefaultsPostProcessor : For additional web related logging consider setting the 'logging.level.web' property to 'DEBUG'
2025-08-29T09:22:18.208+05:30  INFO 22532 --- [QUESTION-SERVICE] [restartedMain] .s.d.r.c.RepositoryConfigurationDelegate : Bootstrapping Spring Data JPA repositories in DEFAULT mode.
2025-08-29T09:22:18.333+05:30  INFO 22532 --- [QUESTION-SERVICE] [restartedMain] .s.d.r.c.RepositoryConfigurationDelegate : Finished Spring Data repository scanning in 116 ms. Found 1 JPA repository interface.
2025-08-29T09:22:18.498+05:30  INFO 22532 --- [QUESTION-SERVICE] [restartedMain] o.s.cloud.context.scope.GenericScope     : BeanFactory id=5cbe352e-d730-37ec-97a8-a2f26e2be2f7
2025-08-29T09:22:18.884+05:30  INFO 22532 --- [QUESTION-SERVICE] [restartedMain] o.s.b.w.embedded.tomcat.TomcatWebServer  : Tomcat initialized with port 8080 (http)
2025-08-29T09:22:18.895+05:30  INFO 22532 --- [QUESTION-SERVICE] [restartedMain] o.apache.catalina.core.StandardService   : Starting service [Tomcat]
2025-08-29T09:22:18.897+05:30  INFO 22532 --- [QUESTION-SERVICE] [restartedMain] o.apache.catalina.core.StandardEngine    : Starting Servlet engine: [Apache Tomcat/10.1.43]
2025-08-29T09:22:18.938+05:30  INFO 22532 --- [QUESTION-SERVICE] [restartedMain] o.a.c.c.C.[Tomcat].[localhost].[/]       : Initializing Spring embedded WebApplicationContext
2025-08-29T09:22:18.938+05:30  INFO 22532 --- [QUESTION-SERVICE] [restartedMain] w.s.c.ServletWebServerApplicationContext : Root WebApplicationContext: initialization completed in 1353 ms
2025-08-29T09:22:19.067+05:30  INFO 22532 --- [QUESTION-SERVICE] [restartedMain] o.hibernate.jpa.internal.util.LogHelper  : HHH000204: Processing PersistenceUnitInfo [name: default]
2025-08-29T09:22:19.115+05:30  INFO 22532 --- [QUESTION-SERVICE] [restartedMain] org.hibernate.Version                    : HHH000412: Hibernate ORM core version 6.6.22.Final
2025-08-29T09:22:19.143+05:30  INFO 22532 --- [QUESTION-SERVICE] [restartedMain] o.h.c.internal.RegionFactoryInitiator    : HHH000026: Second-level cache disabled
2025-08-29T09:22:19.411+05:30  INFO 22532 --- [QUESTION-SERVICE] [restartedMain] o.s.o.j.p.SpringPersistenceUnitInfo      : No LoadTimeWeaver setup: ignoring JPA class transformer
2025-08-29T09:22:19.437+05:30  INFO 22532 --- [QUESTION-SERVICE] [restartedMain] com.zaxxer.hikari.HikariDataSource       : HikariPool-1 - Starting...
2025-08-29T09:22:19.717+05:30  INFO 22532 --- [QUESTION-SERVICE] [restartedMain] com.zaxxer.hikari.pool.HikariPool        : HikariPool-1 - Added connection com.mysql.cj.jdbc.ConnectionImpl@7adb0a2f
2025-08-29T09:22:19.719+05:30  INFO 22532 --- [QUESTION-SERVICE] [restartedMain] com.zaxxer.hikari.HikariDataSource       : HikariPool-1 - Start completed.
2025-08-29T09:22:19.771+05:30  WARN 22532 --- [QUESTION-SERVICE] [restartedMain] org.hibernate.orm.deprecation            : HHH90000025: MySQLDialect does not need to be specified explicitly using 'hibernate.dialect' (remove the property setting and it will be selected by default)
2025-08-29T09:22:19.787+05:30  INFO 22532 --- [QUESTION-SERVICE] [restartedMain] org.hibernate.orm.connections.pooling    : HHH10001005: Database info:
	Database JDBC URL [Connecting through datasource 'HikariDataSource (HikariPool-1)']
	Database driver: undefined/unknown
	Database version: 8.0.43
	Autocommit mode: undefined/unknown
	Isolation level: undefined/unknown
	Minimum pool size: undefined/unknown
	Maximum pool size: undefined/unknown
2025-08-29T09:22:20.559+05:30  INFO 22532 --- [QUESTION-SERVICE] [restartedMain] o.h.e.t.j.p.i.JtaPlatformInitiator       : HHH000489: No JTA platform available (set 'hibernate.transaction.jta.platform' to enable JTA platform integration)
2025-08-29T09:22:20.601+05:30  INFO 22532 --- [QUESTION-SERVICE] [restartedMain] j.LocalContainerEntityManagerFactoryBean : Initialized JPA EntityManagerFactory for persistence unit 'default'
2025-08-29T09:22:20.837+05:30  INFO 22532 --- [QUESTION-SERVICE] [restartedMain] o.s.d.j.r.query.QueryEnhancerFactory     : Hibernate is in classpath; If applicable, HQL parser will be used.
2025-08-29T09:22:20.891+05:30  WARN 22532 --- [QUESTION-SERVICE] [restartedMain] JpaBaseConfiguration$JpaWebConfiguration : spring.jpa.open-in-view is enabled by default. Therefore, database queries may be performed during view rendering. Explicitly configure spring.jpa.open-in-view to disable this warning
2025-08-29T09:22:21.339+05:30  WARN 22532 --- [QUESTION-SERVICE] [restartedMain] o.s.b.d.a.OptionalLiveReloadServer       : Unable to start LiveReload server
2025-08-29T09:22:21.390+05:30  INFO 22532 --- [QUESTION-SERVICE] [restartedMain] DiscoveryClientOptionalArgsConfiguration : Eureka HTTP Client uses RestTemplate.
2025-08-29T09:22:21.421+05:30  WARN 22532 --- [QUESTION-SERVICE] [restartedMain] iguration$LoadBalancerCaffeineWarnLogger : Spring Cloud LoadBalancer is currently working with the default cache. While this cache implementation is useful for development and tests, it's recommended to use Caffeine cache in production.You can switch to using Caffeine cache, by adding it and org.springframework.cache.caffeine.CaffeineCacheManager to the classpath.
2025-08-29T09:22:21.470+05:30  INFO 22532 --- [QUESTION-SERVICE] [restartedMain] o.s.c.n.eureka.InstanceInfoFactory       : Setting initial instance status as: STARTING
2025-08-29T09:22:21.491+05:30  INFO 22532 --- [QUESTION-SERVICE] [restartedMain] com.netflix.discovery.DiscoveryClient    : Initializing Eureka in region us-east-1
2025-08-29T09:22:21.495+05:30  INFO 22532 --- [QUESTION-SERVICE] [restartedMain] c.n.d.s.r.aws.ConfigClusterResolver      : Resolving eureka endpoints via configuration
2025-08-29T09:22:21.503+05:30  INFO 22532 --- [QUESTION-SERVICE] [restartedMain] com.netflix.discovery.DiscoveryClient    : Disable delta property : false
2025-08-29T09:22:21.504+05:30  INFO 22532 --- [QUESTION-SERVICE] [restartedMain] com.netflix.discovery.DiscoveryClient    : Single vip registry refresh property : null
2025-08-29T09:22:21.504+05:30  INFO 22532 --- [QUESTION-SERVICE] [restartedMain] com.netflix.discovery.DiscoveryClient    : Force full registry fetch : false
2025-08-29T09:22:21.504+05:30  INFO 22532 --- [QUESTION-SERVICE] [restartedMain] com.netflix.discovery.DiscoveryClient    : Application is null : false
2025-08-29T09:22:21.505+05:30  INFO 22532 --- [QUESTION-SERVICE] [restartedMain] com.netflix.discovery.DiscoveryClient    : Registered Applications size is zero : true
2025-08-29T09:22:21.505+05:30  INFO 22532 --- [QUESTION-SERVICE] [restartedMain] com.netflix.discovery.DiscoveryClient    : Application version is -1: true
2025-08-29T09:22:21.505+05:30  INFO 22532 --- [QUESTION-SERVICE] [restartedMain] com.netflix.discovery.DiscoveryClient    : Getting all instance registry info from the eureka server
2025-08-29T09:22:21.727+05:30  INFO 22532 --- [QUESTION-SERVICE] [restartedMain] com.netflix.discovery.DiscoveryClient    : The response status is 200
2025-08-29T09:22:21.728+05:30  INFO 22532 --- [QUESTION-SERVICE] [restartedMain] com.netflix.discovery.DiscoveryClient    : Starting heartbeat executor: renew interval is: 30
2025-08-29T09:22:21.731+05:30  INFO 22532 --- [QUESTION-SERVICE] [restartedMain] c.n.discovery.InstanceInfoReplicator     : InstanceInfoReplicator onDemand update allowed rate per min is 4
2025-08-29T09:22:21.733+05:30  INFO 22532 --- [QUESTION-SERVICE] [restartedMain] com.netflix.discovery.DiscoveryClient    : Discovery Client initialized at timestamp 1756439541733 with initial instances count: 3
2025-08-29T09:22:21.736+05:30  INFO 22532 --- [QUESTION-SERVICE] [restartedMain] o.s.c.n.e.s.EurekaServiceRegistry        : Registering application QUESTION-SERVICE with eureka with status UP
2025-08-29T09:22:21.737+05:30  INFO 22532 --- [QUESTION-SERVICE] [restartedMain] com.netflix.discovery.DiscoveryClient    : Saw local status change event StatusChangeEvent [timestamp=1756439541737, current=UP, previous=STARTING]
2025-08-29T09:22:21.739+05:30  INFO 22532 --- [QUESTION-SERVICE] [DiscoveryClient-InstanceInfoReplicator-%d] com.netflix.discovery.DiscoveryClient    : DiscoveryClient_QUESTION-SERVICE/DESKTOP-GVALKHS.mshome.net:QUESTION-SERVICE:8080: registering service...
2025-08-29T09:22:21.761+05:30  INFO 22532 --- [QUESTION-SERVICE] [restartedMain] o.s.b.w.embedded.tomcat.TomcatWebServer  : Tomcat started on port 8080 (http) with context path '/'
2025-08-29T09:22:21.762+05:30  INFO 22532 --- [QUESTION-SERVICE] [restartedMain] .s.c.n.e.s.EurekaAutoServiceRegistration : Updating port to 8080
2025-08-29T09:22:21.777+05:30  INFO 22532 --- [QUESTION-SERVICE] [restartedMain] c.w.r.q.QuestionsServiceApplication      : Started QuestionsServiceApplication in 5.934 seconds (process running for 6.733)
2025-08-29T09:22:21.783+05:30  INFO 22532 --- [QUESTION-SERVICE] [DiscoveryClient-InstanceInfoReplicator-%d] com.netflix.discovery.DiscoveryClient    : DiscoveryClient_QUESTION-SERVICE/DESKTOP-GVALKHS.mshome.net:QUESTION-SERVICE:8080 - registration status: 204
2025-08-29T09:27:21.509+05:30  INFO 22532 --- [QUESTION-SERVICE] [AsyncResolver-bootstrap-executor-%d] c.n.d.s.r.aws.ConfigClusterResolver      : Resolving eureka endpoints via configuration
2025-08-29T09:32:21.523+05:30  INFO 22532 --- [QUESTION-SERVICE] [AsyncResolver-bootstrap-executor-%d] c.n.d.s.r.aws.ConfigClusterResolver      : Resolving eureka endpoints via configuration
2025-08-29T09:37:21.535+05:30  INFO 22532 --- [QUESTION-SERVICE] [AsyncResolver-bootstrap-executor-%d] c.n.d.s.r.aws.ConfigClusterResolver      : Resolving eureka endpoints via configuration
2025-08-29T09:42:21.540+05:30  INFO 22532 --- [QUESTION-SERVICE] [AsyncResolver-bootstrap-executor-%d] c.n.d.s.r.aws.ConfigClusterResolver      : Resolving eureka endpoints via configuration
2025-08-29T09:47:21.547+05:30  INFO 22532 --- [QUESTION-SERVICE] [AsyncResolver-bootstrap-executor-%d] c.n.d.s.r.aws.ConfigClusterResolver      : Resolving eureka endpoints via configuration
2025-08-29T09:52:21.549+05:30  INFO 22532 --- [QUESTION-SERVICE] [AsyncResolver-bootstrap-executor-%d] c.n.d.s.r.aws.ConfigClusterResolver      : Resolving eureka endpoints via configuration
2025-08-29T09:57:21.561+05:30  INFO 22532 --- [QUESTION-SERVICE] [AsyncResolver-bootstrap-executor-%d] c.n.d.s.r.aws.ConfigClusterResolver      : Resolving eureka endpoints via configuration
2025-08-29T10:02:21.567+05:30  INFO 22532 --- [QUESTION-SERVICE] [AsyncResolver-bootstrap-executor-%d] c.n.d.s.r.aws.ConfigClusterResolver      : Resolving eureka endpoints via configuration
2025-08-29T10:07:21.574+05:30  INFO 22532 --- [QUESTION-SERVICE] [AsyncResolver-bootstrap-executor-%d] c.n.d.s.r.aws.ConfigClusterResolver      : Resolving eureka endpoints via configuration
2025-08-29T10:12:21.586+05:30  INFO 22532 --- [QUESTION-SERVICE] [AsyncResolver-bootstrap-executor-%d] c.n.d.s.r.aws.ConfigClusterResolver      : Resolving eureka endpoints via configuration
2025-08-29T10:15:58.012+05:30  INFO 22532 --- [QUESTION-SERVICE] [http-nio-8080-exec-2] o.a.c.c.C.[Tomcat].[localhost].[/]       : Initializing Spring DispatcherServlet 'dispatcherServlet'
2025-08-29T10:15:58.013+05:30  INFO 22532 --- [QUESTION-SERVICE] [http-nio-8080-exec-2] o.s.web.servlet.DispatcherServlet        : Initializing Servlet 'dispatcherServlet'
2025-08-29T10:15:58.073+05:30  INFO 22532 --- [QUESTION-SERVICE] [http-nio-8080-exec-2] o.s.web.servlet.DispatcherServlet        : Completed initialization in 59 ms
2025-08-29T10:15:58.108+05:30  WARN 22532 --- [QUESTION-SERVICE] [http-nio-8080-exec-2] .w.s.m.s.DefaultHandlerExceptionResolver : Resolved [org.springframework.web.HttpRequestMethodNotSupportedException: Request method 'GET' is not supported]
2025-08-29T10:17:21.599+05:30  INFO 22532 --- [QUESTION-SERVICE] [AsyncResolver-bootstrap-executor-%d] c.n.d.s.r.aws.ConfigClusterResolver      : Resolving eureka endpoints via configuration
2025-08-29T10:22:21.607+05:30  INFO 22532 --- [QUESTION-SERVICE] [AsyncResolver-bootstrap-executor-%d] c.n.d.s.r.aws.ConfigClusterResolver      : Resolving eureka endpoints via configuration
2025-08-29T10:27:21.615+05:30  INFO 22532 --- [QUESTION-SERVICE] [AsyncResolver-bootstrap-executor-%d] c.n.d.s.r.aws.ConfigClusterResolver      : Resolving eureka endpoints via configuration
2025-08-29T10:32:21.620+05:30  INFO 22532 --- [QUESTION-SERVICE] [AsyncResolver-bootstrap-executor-%d] c.n.d.s.r.aws.ConfigClusterResolver      : Resolving eureka endpoints via configuration
2025-08-29T10:37:21.630+05:30  INFO 22532 --- [QUESTION-SERVICE] [AsyncResolver-bootstrap-executor-%d] c.n.d.s.r.aws.ConfigClusterResolver      : Resolving eureka endpoints via configuration
2025-08-29T10:41:13.454+05:30  INFO 22532 --- [QUESTION-SERVICE] [RMI TCP Connection(89)-127.0.0.1] inMXBeanRegistrar$SpringApplicationAdmin : Application shutdown requested.
2025-08-29T10:41:13.457+05:30  INFO 22532 --- [QUESTION-SERVICE] [RMI TCP Connection(89)-127.0.0.1] o.s.c.n.e.s.EurekaServiceRegistry        : Unregistering application QUESTION-SERVICE with eureka with status DOWN
2025-08-29T10:41:13.458+05:30  INFO 22532 --- [QUESTION-SERVICE] [RMI TCP Connection(89)-127.0.0.1] com.netflix.discovery.DiscoveryClient    : Saw local status change event StatusChangeEvent [timestamp=1756444273458, current=DOWN, previous=UP]
2025-08-29T10:41:13.458+05:30  INFO 22532 --- [QUESTION-SERVICE] [DiscoveryClient-InstanceInfoReplicator-%d] com.netflix.discovery.DiscoveryClient    : DiscoveryClient_QUESTION-SERVICE/DESKTOP-GVALKHS.mshome.net:QUESTION-SERVICE:8080: registering service...
2025-08-29T10:41:13.462+05:30  INFO 22532 --- [QUESTION-SERVICE] [RMI TCP Connection(89)-127.0.0.1] o.s.b.w.e.tomcat.GracefulShutdown        : Commencing graceful shutdown. Waiting for active requests to complete
2025-08-29T10:41:13.469+05:30  INFO 22532 --- [QUESTION-SERVICE] [tomcat-shutdown] o.s.b.w.e.tomcat.GracefulShutdown        : Graceful shutdown complete
2025-08-29T10:41:13.472+05:30  INFO 22532 --- [QUESTION-SERVICE] [DiscoveryClient-InstanceInfoReplicator-%d] com.netflix.discovery.DiscoveryClient    : DiscoveryClient_QUESTION-SERVICE/DESKTOP-GVALKHS.mshome.net:QUESTION-SERVICE:8080 - registration status: 204
2025-08-29T10:41:13.475+05:30  INFO 22532 --- [QUESTION-SERVICE] [RMI TCP Connection(89)-127.0.0.1] j.LocalContainerEntityManagerFactoryBean : Closing JPA EntityManagerFactory for persistence unit 'default'
2025-08-29T10:41:13.478+05:30  INFO 22532 --- [QUESTION-SERVICE] [RMI TCP Connection(89)-127.0.0.1] com.zaxxer.hikari.HikariDataSource       : HikariPool-1 - Shutdown initiated...
2025-08-29T10:41:13.482+05:30  INFO 22532 --- [QUESTION-SERVICE] [RMI TCP Connection(89)-127.0.0.1] com.zaxxer.hikari.HikariDataSource       : HikariPool-1 - Shutdown completed.
2025-08-29T10:41:13.482+05:30  INFO 22532 --- [QUESTION-SERVICE] [RMI TCP Connection(89)-127.0.0.1] com.netflix.discovery.DiscoveryClient    : Shutting down DiscoveryClient ...
2025-08-29T10:52:57.516+05:30  INFO 1332 --- [QUESTION-SERVICE] [restartedMain] c.w.r.q.QuestionsServiceApplication      : Starting QuestionsServiceApplication using Java 21.0.7 with PID 1332 (C:\Users\asus\Desktop\Quiz-Microservices-Industrial-main\Quiz-Microservices-Industrial-main\Questions-Service\target\classes started by asus in C:\Users\asus\Desktop\Quiz-Microservices-Industrial-main\Quiz-Microservices-Industrial-main\Questions-Service)
2025-08-29T10:52:57.518+05:30  INFO 1332 --- [QUESTION-SERVICE] [restartedMain] c.w.r.q.QuestionsServiceApplication      : No active profile set, falling back to 1 default profile: "default"
2025-08-29T10:52:57.566+05:30  INFO 1332 --- [QUESTION-SERVICE] [restartedMain] o.s.c.c.c.ConfigServerConfigDataLoader   : Fetching config from server at : http://localhost:9092
2025-08-29T10:52:57.566+05:30  INFO 1332 --- [QUESTION-SERVICE] [restartedMain] o.s.c.c.c.ConfigServerConfigDataLoader   : Located environment: name=QUESTION-SERVICE, profiles=[default], label=null, version=14dadc3e11ddbe0225635e5e5bfece5c2269a127, state=
2025-08-29T10:52:57.568+05:30  INFO 1332 --- [QUESTION-SERVICE] [restartedMain] .e.DevToolsPropertyDefaultsPostProcessor : Devtools property defaults active! Set 'spring.devtools.add-properties' to 'false' to disable
2025-08-29T10:52:57.569+05:30  INFO 1332 --- [QUESTION-SERVICE] [restartedMain] .e.DevToolsPropertyDefaultsPostProcessor : For additional web related logging consider setting the 'logging.level.web' property to 'DEBUG'
2025-08-29T10:52:58.552+05:30  INFO 1332 --- [QUESTION-SERVICE] [restartedMain] .s.d.r.c.RepositoryConfigurationDelegate : Bootstrapping Spring Data JPA repositories in DEFAULT mode.
2025-08-29T10:52:58.756+05:30  INFO 1332 --- [QUESTION-SERVICE] [restartedMain] .s.d.r.c.RepositoryConfigurationDelegate : Finished Spring Data repository scanning in 190 ms. Found 1 JPA repository interface.
2025-08-29T10:52:59.002+05:30  INFO 1332 --- [QUESTION-SERVICE] [restartedMain] o.s.cloud.context.scope.GenericScope     : BeanFactory id=5cbe352e-d730-37ec-97a8-a2f26e2be2f7
2025-08-29T10:52:59.629+05:30  INFO 1332 --- [QUESTION-SERVICE] [restartedMain] o.s.b.w.embedded.tomcat.TomcatWebServer  : Tomcat initialized with port 8080 (http)
2025-08-29T10:52:59.651+05:30  INFO 1332 --- [QUESTION-SERVICE] [restartedMain] o.apache.catalina.core.StandardService   : Starting service [Tomcat]
2025-08-29T10:52:59.652+05:30  INFO 1332 --- [QUESTION-SERVICE] [restartedMain] o.apache.catalina.core.StandardEngine    : Starting Servlet engine: [Apache Tomcat/10.1.43]
2025-08-29T10:52:59.714+05:30  INFO 1332 --- [QUESTION-SERVICE] [restartedMain] o.a.c.c.C.[Tomcat].[localhost].[/]       : Initializing Spring embedded WebApplicationContext
2025-08-29T10:52:59.714+05:30  INFO 1332 --- [QUESTION-SERVICE] [restartedMain] w.s.c.ServletWebServerApplicationContext : Root WebApplicationContext: initialization completed in 2145 ms
2025-08-29T10:52:59.909+05:30  INFO 1332 --- [QUESTION-SERVICE] [restartedMain] o.hibernate.jpa.internal.util.LogHelper  : HHH000204: Processing PersistenceUnitInfo [name: default]
2025-08-29T10:52:59.971+05:30  INFO 1332 --- [QUESTION-SERVICE] [restartedMain] org.hibernate.Version                    : HHH000412: Hibernate ORM core version 6.6.22.Final
2025-08-29T10:53:00.008+05:30  INFO 1332 --- [QUESTION-SERVICE] [restartedMain] o.h.c.internal.RegionFactoryInitiator    : HHH000026: Second-level cache disabled
2025-08-29T10:53:00.273+05:30  INFO 1332 --- [QUESTION-SERVICE] [restartedMain] o.s.o.j.p.SpringPersistenceUnitInfo      : No LoadTimeWeaver setup: ignoring JPA class transformer
2025-08-29T10:53:00.305+05:30  INFO 1332 --- [QUESTION-SERVICE] [restartedMain] com.zaxxer.hikari.HikariDataSource       : HikariPool-1 - Starting...
2025-08-29T10:53:00.653+05:30  INFO 1332 --- [QUESTION-SERVICE] [restartedMain] com.zaxxer.hikari.pool.HikariPool        : HikariPool-1 - Added connection com.mysql.cj.jdbc.ConnectionImpl@384e9609
2025-08-29T10:53:00.656+05:30  INFO 1332 --- [QUESTION-SERVICE] [restartedMain] com.zaxxer.hikari.HikariDataSource       : HikariPool-1 - Start completed.
2025-08-29T10:53:00.726+05:30  WARN 1332 --- [QUESTION-SERVICE] [restartedMain] org.hibernate.orm.deprecation            : HHH90000025: MySQLDialect does not need to be specified explicitly using 'hibernate.dialect' (remove the property setting and it will be selected by default)
2025-08-29T10:53:00.749+05:30  INFO 1332 --- [QUESTION-SERVICE] [restartedMain] org.hibernate.orm.connections.pooling    : HHH10001005: Database info:
	Database JDBC URL [Connecting through datasource 'HikariDataSource (HikariPool-1)']
	Database driver: undefined/unknown
	Database version: 8.0.43
	Autocommit mode: undefined/unknown
	Isolation level: undefined/unknown
	Minimum pool size: undefined/unknown
	Maximum pool size: undefined/unknown
2025-08-29T10:53:02.363+05:30  INFO 1332 --- [QUESTION-SERVICE] [restartedMain] o.h.e.t.j.p.i.JtaPlatformInitiator       : HHH000489: No JTA platform available (set 'hibernate.transaction.jta.platform' to enable JTA platform integration)
2025-08-29T10:53:02.427+05:30  INFO 1332 --- [QUESTION-SERVICE] [restartedMain] j.LocalContainerEntityManagerFactoryBean : Initialized JPA EntityManagerFactory for persistence unit 'default'
2025-08-29T10:53:02.766+05:30  INFO 1332 --- [QUESTION-SERVICE] [restartedMain] o.s.d.j.r.query.QueryEnhancerFactory     : Hibernate is in classpath; If applicable, HQL parser will be used.
2025-08-29T10:53:02.841+05:30  WARN 1332 --- [QUESTION-SERVICE] [restartedMain] JpaBaseConfiguration$JpaWebConfiguration : spring.jpa.open-in-view is enabled by default. Therefore, database queries may be performed during view rendering. Explicitly configure spring.jpa.open-in-view to disable this warning
2025-08-29T10:53:03.512+05:30  WARN 1332 --- [QUESTION-SERVICE] [restartedMain] o.s.b.d.a.OptionalLiveReloadServer       : Unable to start LiveReload server
2025-08-29T10:53:03.572+05:30  INFO 1332 --- [QUESTION-SERVICE] [restartedMain] DiscoveryClientOptionalArgsConfiguration : Eureka HTTP Client uses RestTemplate.
2025-08-29T10:53:03.615+05:30  WARN 1332 --- [QUESTION-SERVICE] [restartedMain] iguration$LoadBalancerCaffeineWarnLogger : Spring Cloud LoadBalancer is currently working with the default cache. While this cache implementation is useful for development and tests, it's recommended to use Caffeine cache in production.You can switch to using Caffeine cache, by adding it and org.springframework.cache.caffeine.CaffeineCacheManager to the classpath.
2025-08-29T10:53:03.691+05:30  INFO 1332 --- [QUESTION-SERVICE] [restartedMain] o.s.c.n.eureka.InstanceInfoFactory       : Setting initial instance status as: STARTING
2025-08-29T10:53:03.732+05:30  INFO 1332 --- [QUESTION-SERVICE] [restartedMain] com.netflix.discovery.DiscoveryClient    : Initializing Eureka in region us-east-1
2025-08-29T10:53:03.737+05:30  INFO 1332 --- [QUESTION-SERVICE] [restartedMain] c.n.d.s.r.aws.ConfigClusterResolver      : Resolving eureka endpoints via configuration
2025-08-29T10:53:03.748+05:30  INFO 1332 --- [QUESTION-SERVICE] [restartedMain] com.netflix.discovery.DiscoveryClient    : Disable delta property : false
2025-08-29T10:53:03.749+05:30  INFO 1332 --- [QUESTION-SERVICE] [restartedMain] com.netflix.discovery.DiscoveryClient    : Single vip registry refresh property : null
2025-08-29T10:53:03.749+05:30  INFO 1332 --- [QUESTION-SERVICE] [restartedMain] com.netflix.discovery.DiscoveryClient    : Force full registry fetch : false
2025-08-29T10:53:03.749+05:30  INFO 1332 --- [QUESTION-SERVICE] [restartedMain] com.netflix.discovery.DiscoveryClient    : Application is null : false
2025-08-29T10:53:03.749+05:30  INFO 1332 --- [QUESTION-SERVICE] [restartedMain] com.netflix.discovery.DiscoveryClient    : Registered Applications size is zero : true
2025-08-29T10:53:03.750+05:30  INFO 1332 --- [QUESTION-SERVICE] [restartedMain] com.netflix.discovery.DiscoveryClient    : Application version is -1: true
2025-08-29T10:53:03.750+05:30  INFO 1332 --- [QUESTION-SERVICE] [restartedMain] com.netflix.discovery.DiscoveryClient    : Getting all instance registry info from the eureka server
2025-08-29T10:53:04.054+05:30  INFO 1332 --- [QUESTION-SERVICE] [restartedMain] com.netflix.discovery.DiscoveryClient    : The response status is 200
2025-08-29T10:53:04.057+05:30  INFO 1332 --- [QUESTION-SERVICE] [restartedMain] com.netflix.discovery.DiscoveryClient    : Starting heartbeat executor: renew interval is: 30
2025-08-29T10:53:04.059+05:30  INFO 1332 --- [QUESTION-SERVICE] [restartedMain] c.n.discovery.InstanceInfoReplicator     : InstanceInfoReplicator onDemand update allowed rate per min is 4
2025-08-29T10:53:04.061+05:30  INFO 1332 --- [QUESTION-SERVICE] [restartedMain] com.netflix.discovery.DiscoveryClient    : Discovery Client initialized at timestamp 1756444984061 with initial instances count: 2
2025-08-29T10:53:04.066+05:30  INFO 1332 --- [QUESTION-SERVICE] [restartedMain] o.s.c.n.e.s.EurekaServiceRegistry        : Registering application QUESTION-SERVICE with eureka with status UP
2025-08-29T10:53:04.067+05:30  INFO 1332 --- [QUESTION-SERVICE] [restartedMain] com.netflix.discovery.DiscoveryClient    : Saw local status change event StatusChangeEvent [timestamp=1756444984067, current=UP, previous=STARTING]
2025-08-29T10:53:04.069+05:30  INFO 1332 --- [QUESTION-SERVICE] [DiscoveryClient-InstanceInfoReplicator-%d] com.netflix.discovery.DiscoveryClient    : DiscoveryClient_QUESTION-SERVICE/DESKTOP-GVALKHS.mshome.net:QUESTION-SERVICE:8080: registering service...
2025-08-29T10:53:04.096+05:30  INFO 1332 --- [QUESTION-SERVICE] [restartedMain] o.s.b.w.embedded.tomcat.TomcatWebServer  : Tomcat started on port 8080 (http) with context path '/'
2025-08-29T10:53:04.097+05:30  INFO 1332 --- [QUESTION-SERVICE] [restartedMain] .s.c.n.e.s.EurekaAutoServiceRegistration : Updating port to 8080
2025-08-29T10:53:04.113+05:30  INFO 1332 --- [QUESTION-SERVICE] [restartedMain] c.w.r.q.QuestionsServiceApplication      : Started QuestionsServiceApplication in 8.288 seconds (process running for 9.103)
2025-08-29T10:53:04.131+05:30  INFO 1332 --- [QUESTION-SERVICE] [DiscoveryClient-InstanceInfoReplicator-%d] com.netflix.discovery.DiscoveryClient    : DiscoveryClient_QUESTION-SERVICE/DESKTOP-GVALKHS.mshome.net:QUESTION-SERVICE:8080 - registration status: 204
2025-08-29T10:58:03.767+05:30  INFO 1332 --- [QUESTION-SERVICE] [AsyncResolver-bootstrap-executor-%d] c.n.d.s.r.aws.ConfigClusterResolver      : Resolving eureka endpoints via configuration
2025-08-29T11:03:03.782+05:30  INFO 1332 --- [QUESTION-SERVICE] [AsyncResolver-bootstrap-executor-%d] c.n.d.s.r.aws.ConfigClusterResolver      : Resolving eureka endpoints via configuration
2025-08-29T11:08:03.792+05:30  INFO 1332 --- [QUESTION-SERVICE] [AsyncResolver-bootstrap-executor-%d] c.n.d.s.r.aws.ConfigClusterResolver      : Resolving eureka endpoints via configuration
2025-08-29T11:13:03.806+05:30  INFO 1332 --- [QUESTION-SERVICE] [AsyncResolver-bootstrap-executor-%d] c.n.d.s.r.aws.ConfigClusterResolver      : Resolving eureka endpoints via configuration
2025-08-29T11:18:03.819+05:30  INFO 1332 --- [QUESTION-SERVICE] [AsyncResolver-bootstrap-executor-%d] c.n.d.s.r.aws.ConfigClusterResolver      : Resolving eureka endpoints via configuration
2025-08-29T11:23:03.829+05:30  INFO 1332 --- [QUESTION-SERVICE] [AsyncResolver-bootstrap-executor-%d] c.n.d.s.r.aws.ConfigClusterResolver      : Resolving eureka endpoints via configuration
2025-08-29T11:28:03.837+05:30  INFO 1332 --- [QUESTION-SERVICE] [AsyncResolver-bootstrap-executor-%d] c.n.d.s.r.aws.ConfigClusterResolver      : Resolving eureka endpoints via configuration
2025-08-29T11:33:03.844+05:30  INFO 1332 --- [QUESTION-SERVICE] [AsyncResolver-bootstrap-executor-%d] c.n.d.s.r.aws.ConfigClusterResolver      : Resolving eureka endpoints via configuration
2025-08-29T11:38:03.854+05:30  INFO 1332 --- [QUESTION-SERVICE] [AsyncResolver-bootstrap-executor-%d] c.n.d.s.r.aws.ConfigClusterResolver      : Resolving eureka endpoints via configuration
2025-08-29T11:43:03.869+05:30  INFO 1332 --- [QUESTION-SERVICE] [AsyncResolver-bootstrap-executor-%d] c.n.d.s.r.aws.ConfigClusterResolver      : Resolving eureka endpoints via configuration
2025-08-29T11:48:03.882+05:30  INFO 1332 --- [QUESTION-SERVICE] [AsyncResolver-bootstrap-executor-%d] c.n.d.s.r.aws.ConfigClusterResolver      : Resolving eureka endpoints via configuration
2025-08-29T11:53:03.884+05:30  INFO 1332 --- [QUESTION-SERVICE] [AsyncResolver-bootstrap-executor-%d] c.n.d.s.r.aws.ConfigClusterResolver      : Resolving eureka endpoints via configuration
2025-08-29T11:58:03.894+05:30  INFO 1332 --- [QUESTION-SERVICE] [AsyncResolver-bootstrap-executor-%d] c.n.d.s.r.aws.ConfigClusterResolver      : Resolving eureka endpoints via configuration
2025-08-29T12:03:03.909+05:30  INFO 1332 --- [QUESTION-SERVICE] [AsyncResolver-bootstrap-executor-%d] c.n.d.s.r.aws.ConfigClusterResolver      : Resolving eureka endpoints via configuration
2025-08-29T12:08:03.914+05:30  INFO 1332 --- [QUESTION-SERVICE] [AsyncResolver-bootstrap-executor-%d] c.n.d.s.r.aws.ConfigClusterResolver      : Resolving eureka endpoints via configuration
2025-08-29T12:11:56.847+05:30  INFO 1332 --- [QUESTION-SERVICE] [http-nio-8080-exec-1] o.a.c.c.C.[Tomcat].[localhost].[/]       : Initializing Spring DispatcherServlet 'dispatcherServlet'
2025-08-29T12:11:56.850+05:30  INFO 1332 --- [QUESTION-SERVICE] [http-nio-8080-exec-1] o.s.web.servlet.DispatcherServlet        : Initializing Servlet 'dispatcherServlet'
2025-08-29T12:11:56.876+05:30  INFO 1332 --- [QUESTION-SERVICE] [http-nio-8080-exec-1] o.s.web.servlet.DispatcherServlet        : Completed initialization in 25 ms
2025-08-29T12:13:03.927+05:30  INFO 1332 --- [QUESTION-SERVICE] [AsyncResolver-bootstrap-executor-%d] c.n.d.s.r.aws.ConfigClusterResolver      : Resolving eureka endpoints via configuration
2025-08-29T12:18:03.931+05:30  INFO 1332 --- [QUESTION-SERVICE] [AsyncResolver-bootstrap-executor-%d] c.n.d.s.r.aws.ConfigClusterResolver      : Resolving eureka endpoints via configuration
2025-08-29T12:23:03.945+05:30  INFO 1332 --- [QUESTION-SERVICE] [AsyncResolver-bootstrap-executor-%d] c.n.d.s.r.aws.ConfigClusterResolver      : Resolving eureka endpoints via configuration
2025-08-29T12:28:03.949+05:30  INFO 1332 --- [QUESTION-SERVICE] [AsyncResolver-bootstrap-executor-%d] c.n.d.s.r.aws.ConfigClusterResolver      : Resolving eureka endpoints via configuration
2025-08-29T12:33:03.956+05:30  INFO 1332 --- [QUESTION-SERVICE] [AsyncResolver-bootstrap-executor-%d] c.n.d.s.r.aws.ConfigClusterResolver      : Resolving eureka endpoints via configuration
2025-08-29T12:38:03.966+05:30  INFO 1332 --- [QUESTION-SERVICE] [AsyncResolver-bootstrap-executor-%d] c.n.d.s.r.aws.ConfigClusterResolver      : Resolving eureka endpoints via configuration
2025-08-29T12:43:03.980+05:30  INFO 1332 --- [QUESTION-SERVICE] [AsyncResolver-bootstrap-executor-%d] c.n.d.s.r.aws.ConfigClusterResolver      : Resolving eureka endpoints via configuration
2025-08-29T12:48:03.991+05:30  INFO 1332 --- [QUESTION-SERVICE] [AsyncResolver-bootstrap-executor-%d] c.n.d.s.r.aws.ConfigClusterResolver      : Resolving eureka endpoints via configuration
2025-08-29T12:53:03.993+05:30  INFO 1332 --- [QUESTION-SERVICE] [AsyncResolver-bootstrap-executor-%d] c.n.d.s.r.aws.ConfigClusterResolver      : Resolving eureka endpoints via configuration
2025-08-29T12:58:04.003+05:30  INFO 1332 --- [QUESTION-SERVICE] [AsyncResolver-bootstrap-executor-%d] c.n.d.s.r.aws.ConfigClusterResolver      : Resolving eureka endpoints via configuration
2025-08-29T13:03:04.010+05:30  INFO 1332 --- [QUESTION-SERVICE] [AsyncResolver-bootstrap-executor-%d] c.n.d.s.r.aws.ConfigClusterResolver      : Resolving eureka endpoints via configuration
2025-08-29T13:08:04.012+05:30  INFO 1332 --- [QUESTION-SERVICE] [AsyncResolver-bootstrap-executor-%d] c.n.d.s.r.aws.ConfigClusterResolver      : Resolving eureka endpoints via configuration
2025-08-29T13:13:04.014+05:30  INFO 1332 --- [QUESTION-SERVICE] [AsyncResolver-bootstrap-executor-%d] c.n.d.s.r.aws.ConfigClusterResolver      : Resolving eureka endpoints via configuration
2025-08-29T13:18:04.028+05:30  INFO 1332 --- [QUESTION-SERVICE] [AsyncResolver-bootstrap-executor-%d] c.n.d.s.r.aws.ConfigClusterResolver      : Resolving eureka endpoints via configuration
2025-08-29T13:23:04.035+05:30  INFO 1332 --- [QUESTION-SERVICE] [AsyncResolver-bootstrap-executor-%d] c.n.d.s.r.aws.ConfigClusterResolver      : Resolving eureka endpoints via configuration
2025-08-29T13:28:04.036+05:30  INFO 1332 --- [QUESTION-SERVICE] [AsyncResolver-bootstrap-executor-%d] c.n.d.s.r.aws.ConfigClusterResolver      : Resolving eureka endpoints via configuration
2025-08-29T13:33:04.039+05:30  INFO 1332 --- [QUESTION-SERVICE] [AsyncResolver-bootstrap-executor-%d] c.n.d.s.r.aws.ConfigClusterResolver      : Resolving eureka endpoints via configuration
2025-08-29T13:38:04.052+05:30  INFO 1332 --- [QUESTION-SERVICE] [AsyncResolver-bootstrap-executor-%d] c.n.d.s.r.aws.ConfigClusterResolver      : Resolving eureka endpoints via configuration
2025-08-29T13:43:04.061+05:30  INFO 1332 --- [QUESTION-SERVICE] [AsyncResolver-bootstrap-executor-%d] c.n.d.s.r.aws.ConfigClusterResolver      : Resolving eureka endpoints via configuration
2025-08-29T13:48:04.068+05:30  INFO 1332 --- [QUESTION-SERVICE] [AsyncResolver-bootstrap-executor-%d] c.n.d.s.r.aws.ConfigClusterResolver      : Resolving eureka endpoints via configuration
2025-08-29T13:53:04.083+05:30  INFO 1332 --- [QUESTION-SERVICE] [AsyncResolver-bootstrap-executor-%d] c.n.d.s.r.aws.ConfigClusterResolver      : Resolving eureka endpoints via configuration
2025-08-29T13:58:04.086+05:30  INFO 1332 --- [QUESTION-SERVICE] [AsyncResolver-bootstrap-executor-%d] c.n.d.s.r.aws.ConfigClusterResolver      : Resolving eureka endpoints via configuration
2025-08-29T14:03:04.102+05:30  INFO 1332 --- [QUESTION-SERVICE] [AsyncResolver-bootstrap-executor-%d] c.n.d.s.r.aws.ConfigClusterResolver      : Resolving eureka endpoints via configuration
2025-08-29T14:18:12.303+05:30  WARN 1332 --- [QUESTION-SERVICE] [HikariPool-1:housekeeper] com.zaxxer.hikari.pool.HikariPool        : HikariPool-1 - Thread starvation or clock leap detected (housekeeper delta=15m8s725ms885µs100ns).
2025-08-29T14:22:46.833+05:30  INFO 1332 --- [QUESTION-SERVICE] [AsyncResolver-bootstrap-executor-%d] c.n.d.s.r.aws.ConfigClusterResolver      : Resolving eureka endpoints via configuration
2025-08-29T14:27:46.841+05:30  INFO 1332 --- [QUESTION-SERVICE] [AsyncResolver-bootstrap-executor-%d] c.n.d.s.r.aws.ConfigClusterResolver      : Resolving eureka endpoints via configuration
2025-08-29T14:32:46.853+05:30  INFO 1332 --- [QUESTION-SERVICE] [AsyncResolver-bootstrap-executor-%d] c.n.d.s.r.aws.ConfigClusterResolver      : Resolving eureka endpoints via configuration
2025-08-29T14:37:46.857+05:30  INFO 1332 --- [QUESTION-SERVICE] [AsyncResolver-bootstrap-executor-%d] c.n.d.s.r.aws.ConfigClusterResolver      : Resolving eureka endpoints via configuration
2025-08-29T14:42:46.871+05:30  INFO 1332 --- [QUESTION-SERVICE] [AsyncResolver-bootstrap-executor-%d] c.n.d.s.r.aws.ConfigClusterResolver      : Resolving eureka endpoints via configuration
2025-08-29T14:47:46.877+05:30  INFO 1332 --- [QUESTION-SERVICE] [AsyncResolver-bootstrap-executor-%d] c.n.d.s.r.aws.ConfigClusterResolver      : Resolving eureka endpoints via configuration
2025-08-29T14:52:46.881+05:30  INFO 1332 --- [QUESTION-SERVICE] [AsyncResolver-bootstrap-executor-%d] c.n.d.s.r.aws.ConfigClusterResolver      : Resolving eureka endpoints via configuration
2025-08-29T14:57:46.890+05:30  INFO 1332 --- [QUESTION-SERVICE] [AsyncResolver-bootstrap-executor-%d] c.n.d.s.r.aws.ConfigClusterResolver      : Resolving eureka endpoints via configuration
2025-08-29T15:02:46.906+05:30  INFO 1332 --- [QUESTION-SERVICE] [AsyncResolver-bootstrap-executor-%d] c.n.d.s.r.aws.ConfigClusterResolver      : Resolving eureka endpoints via configuration
2025-08-29T15:07:46.911+05:30  INFO 1332 --- [QUESTION-SERVICE] [AsyncResolver-bootstrap-executor-%d] c.n.d.s.r.aws.ConfigClusterResolver      : Resolving eureka endpoints via configuration
2025-08-29T15:12:46.912+05:30  INFO 1332 --- [QUESTION-SERVICE] [AsyncResolver-bootstrap-executor-%d] c.n.d.s.r.aws.ConfigClusterResolver      : Resolving eureka endpoints via configuration
2025-08-29T15:17:46.913+05:30  INFO 1332 --- [QUESTION-SERVICE] [AsyncResolver-bootstrap-executor-%d] c.n.d.s.r.aws.ConfigClusterResolver      : Resolving eureka endpoints via configuration
2025-08-29T15:22:46.924+05:30  INFO 1332 --- [QUESTION-SERVICE] [AsyncResolver-bootstrap-executor-%d] c.n.d.s.r.aws.ConfigClusterResolver      : Resolving eureka endpoints via configuration
2025-08-29T15:27:46.931+05:30  INFO 1332 --- [QUESTION-SERVICE] [AsyncResolver-bootstrap-executor-%d] c.n.d.s.r.aws.ConfigClusterResolver      : Resolving eureka endpoints via configuration
2025-08-29T15:32:46.932+05:30  INFO 1332 --- [QUESTION-SERVICE] [AsyncResolver-bootstrap-executor-%d] c.n.d.s.r.aws.ConfigClusterResolver      : Resolving eureka endpoints via configuration
2025-08-29T15:37:46.941+05:30  INFO 1332 --- [QUESTION-SERVICE] [AsyncResolver-bootstrap-executor-%d] c.n.d.s.r.aws.ConfigClusterResolver      : Resolving eureka endpoints via configuration
2025-08-29T15:42:46.944+05:30  INFO 1332 --- [QUESTION-SERVICE] [AsyncResolver-bootstrap-executor-%d] c.n.d.s.r.aws.ConfigClusterResolver      : Resolving eureka endpoints via configuration
2025-08-29T15:47:46.954+05:30  INFO 1332 --- [QUESTION-SERVICE] [AsyncResolver-bootstrap-executor-%d] c.n.d.s.r.aws.ConfigClusterResolver      : Resolving eureka endpoints via configuration
2025-08-29T15:52:46.956+05:30  INFO 1332 --- [QUESTION-SERVICE] [AsyncResolver-bootstrap-executor-%d] c.n.d.s.r.aws.ConfigClusterResolver      : Resolving eureka endpoints via configuration
2025-08-29T15:57:46.963+05:30  INFO 1332 --- [QUESTION-SERVICE] [AsyncResolver-bootstrap-executor-%d] c.n.d.s.r.aws.ConfigClusterResolver      : Resolving eureka endpoints via configuration
2025-08-29T16:02:46.969+05:30  INFO 1332 --- [QUESTION-SERVICE] [AsyncResolver-bootstrap-executor-%d] c.n.d.s.r.aws.ConfigClusterResolver      : Resolving eureka endpoints via configuration
2025-08-29T16:07:46.971+05:30  INFO 1332 --- [QUESTION-SERVICE] [AsyncResolver-bootstrap-executor-%d] c.n.d.s.r.aws.ConfigClusterResolver      : Resolving eureka endpoints via configuration
2025-08-29T16:12:46.973+05:30  INFO 1332 --- [QUESTION-SERVICE] [AsyncResolver-bootstrap-executor-%d] c.n.d.s.r.aws.ConfigClusterResolver      : Resolving eureka endpoints via configuration
2025-08-29T16:17:46.981+05:30  INFO 1332 --- [QUESTION-SERVICE] [AsyncResolver-bootstrap-executor-%d] c.n.d.s.r.aws.ConfigClusterResolver      : Resolving eureka endpoints via configuration
2025-08-29T16:22:46.986+05:30  INFO 1332 --- [QUESTION-SERVICE] [AsyncResolver-bootstrap-executor-%d] c.n.d.s.r.aws.ConfigClusterResolver      : Resolving eureka endpoints via configuration
2025-08-29T16:27:46.990+05:30  INFO 1332 --- [QUESTION-SERVICE] [AsyncResolver-bootstrap-executor-%d] c.n.d.s.r.aws.ConfigClusterResolver      : Resolving eureka endpoints via configuration
2025-08-29T16:32:46.997+05:30  INFO 1332 --- [QUESTION-SERVICE] [AsyncResolver-bootstrap-executor-%d] c.n.d.s.r.aws.ConfigClusterResolver      : Resolving eureka endpoints via configuration
2025-08-29T16:37:47.010+05:30  INFO 1332 --- [QUESTION-SERVICE] [AsyncResolver-bootstrap-executor-%d] c.n.d.s.r.aws.ConfigClusterResolver      : Resolving eureka endpoints via configuration
2025-08-29T16:42:47.021+05:30  INFO 1332 --- [QUESTION-SERVICE] [AsyncResolver-bootstrap-executor-%d] c.n.d.s.r.aws.ConfigClusterResolver      : Resolving eureka endpoints via configuration
2025-08-29T16:47:47.033+05:30  INFO 1332 --- [QUESTION-SERVICE] [AsyncResolver-bootstrap-executor-%d] c.n.d.s.r.aws.ConfigClusterResolver      : Resolving eureka endpoints via configuration
2025-08-29T16:52:47.048+05:30  INFO 1332 --- [QUESTION-SERVICE] [AsyncResolver-bootstrap-executor-%d] c.n.d.s.r.aws.ConfigClusterResolver      : Resolving eureka endpoints via configuration
2025-08-29T16:57:47.057+05:30  INFO 1332 --- [QUESTION-SERVICE] [AsyncResolver-bootstrap-executor-%d] c.n.d.s.r.aws.ConfigClusterResolver      : Resolving eureka endpoints via configuration
2025-08-29T17:02:47.063+05:30  INFO 1332 --- [QUESTION-SERVICE] [AsyncResolver-bootstrap-executor-%d] c.n.d.s.r.aws.ConfigClusterResolver      : Resolving eureka endpoints via configuration
2025-08-29T17:07:47.067+05:30  INFO 1332 --- [QUESTION-SERVICE] [AsyncResolver-bootstrap-executor-%d] c.n.d.s.r.aws.ConfigClusterResolver      : Resolving eureka endpoints via configuration
2025-08-29T17:12:47.069+05:30  INFO 1332 --- [QUESTION-SERVICE] [AsyncResolver-bootstrap-executor-%d] c.n.d.s.r.aws.ConfigClusterResolver      : Resolving eureka endpoints via configuration
2025-08-29T17:17:47.071+05:30  INFO 1332 --- [QUESTION-SERVICE] [AsyncResolver-bootstrap-executor-%d] c.n.d.s.r.aws.ConfigClusterResolver      : Resolving eureka endpoints via configuration
2025-08-29T17:22:47.078+05:30  INFO 1332 --- [QUESTION-SERVICE] [AsyncResolver-bootstrap-executor-%d] c.n.d.s.r.aws.ConfigClusterResolver      : Resolving eureka endpoints via configuration
2025-08-29T17:24:50.043+05:30  INFO 1332 --- [QUESTION-SERVICE] [RMI TCP Connection(389)-127.0.0.1] inMXBeanRegistrar$SpringApplicationAdmin : Application shutdown requested.
2025-08-29T17:24:50.051+05:30  INFO 1332 --- [QUESTION-SERVICE] [RMI TCP Connection(389)-127.0.0.1] o.s.c.n.e.s.EurekaServiceRegistry        : Unregistering application QUESTION-SERVICE with eureka with status DOWN
2025-08-29T17:24:50.051+05:30  INFO 1332 --- [QUESTION-SERVICE] [RMI TCP Connection(389)-127.0.0.1] com.netflix.discovery.DiscoveryClient    : Saw local status change event StatusChangeEvent [timestamp=1756468490051, current=DOWN, previous=UP]
2025-08-29T17:24:50.052+05:30  INFO 1332 --- [QUESTION-SERVICE] [DiscoveryClient-InstanceInfoReplicator-%d] com.netflix.discovery.DiscoveryClient    : DiscoveryClient_QUESTION-SERVICE/DESKTOP-GVALKHS.mshome.net:QUESTION-SERVICE:8080: registering service...
2025-08-29T17:24:50.072+05:30  INFO 1332 --- [QUESTION-SERVICE] [RMI TCP Connection(389)-127.0.0.1] o.s.b.w.e.tomcat.GracefulShutdown        : Commencing graceful shutdown. Waiting for active requests to complete
2025-08-29T17:24:50.072+05:30  INFO 1332 --- [QUESTION-SERVICE] [DiscoveryClient-InstanceInfoReplicator-%d] com.netflix.discovery.DiscoveryClient    : DiscoveryClient_QUESTION-SERVICE/DESKTOP-GVALKHS.mshome.net:QUESTION-SERVICE:8080 - registration status: 204
2025-08-29T17:24:50.082+05:30  INFO 1332 --- [QUESTION-SERVICE] [tomcat-shutdown] o.s.b.w.e.tomcat.GracefulShutdown        : Graceful shutdown complete
2025-08-29T17:24:50.098+05:30  INFO 1332 --- [QUESTION-SERVICE] [RMI TCP Connection(389)-127.0.0.1] j.LocalContainerEntityManagerFactoryBean : Closing JPA EntityManagerFactory for persistence unit 'default'
2025-08-29T17:24:50.114+05:30  INFO 1332 --- [QUESTION-SERVICE] [RMI TCP Connection(389)-127.0.0.1] com.zaxxer.hikari.HikariDataSource       : HikariPool-1 - Shutdown initiated...
2025-08-29T17:24:50.122+05:30  INFO 1332 --- [QUESTION-SERVICE] [RMI TCP Connection(389)-127.0.0.1] com.zaxxer.hikari.HikariDataSource       : HikariPool-1 - Shutdown completed.
2025-08-29T17:24:50.125+05:30  INFO 1332 --- [QUESTION-SERVICE] [RMI TCP Connection(389)-127.0.0.1] com.netflix.discovery.DiscoveryClient    : Shutting down DiscoveryClient ...
